#
# There is insufficient memory for the Java Runtime Environment to continue.
# Native memory allocation (malloc) failed to allocate 2855448 bytes. Error detail: Chunk::new
# Possible reasons:
#   The system is out of physical RAM or swap space
#   This process is running with CompressedOops enabled, and the Java Heap may be blocking the growth of the native heap
# Possible solutions:
#   Reduce memory load on the system
#   Increase physical memory or swap space
#   Check if swap backing store is full
#   Decrease Java heap size (-Xmx/-Xms)
#   Decrease number of Java threads
#   Decrease Java thread stack sizes (-Xss)
#   Set larger code cache with -XX:ReservedCodeCacheSize=
#   JVM is running with Zero Based Compressed Oops mode in which the Java heap is
#     placed in the first 32GB address space. The Java Heap base address is the
#     maximum limit for the native heap growth. Please use -XX:HeapBaseMinAddress
#     to set the Java Heap base and to place the Java Heap above 32GB virtual address.
# This output file may be truncated or incomplete.
#
#  Out of Memory Error (arena.cpp:186), pid=34188, tid=11512
#
# JRE version: OpenJDK Runtime Environment (25.0.1+8) (build 25.0.1+8-27)
# Java VM: OpenJDK 64-Bit Server VM (25.0.1+8-27, mixed mode, sharing, tiered, compressed oops, compressed class ptrs, g1 gc, windows-amd64)
# No core dump will be written. Minidumps are not enabled by default on client versions of Windows
#

---------------  S U M M A R Y ------------

Command Line: -javaagent:C:\Users\logan\AppData\Local\Programs\IntelliJ IDEA 2025.2.5\lib\idea_rt.jar=50956 -Dfile.encoding=UTF-8 -Dsun.stdout.encoding=UTF-8 -Dsun.stderr.encoding=UTF-8 main.Main

Host: 11th Gen Intel(R) Core(TM) i5-1145G7 @ 2.60GHz, 8 cores, 15G,  Windows 11 , 64 bit Build 26100 (10.0.26100.7309)
Time: Wed Jan  7 23:39:04 2026 ora solare Europa occidentale elapsed time: 3.065907 seconds (0d 0h 0m 3s)

---------------  T H R E A D  ---------------

Current thread (0x0000018b54a21ed0):  JavaThread "C2 CompilerThread1" daemon [_thread_in_native, id=11512, stack(0x0000007573100000,0x0000007573200000) (1024K)]


Current CompileTask:
C2:3065 1299       4       jdk.internal.jimage.ImageLocation::verify (218 bytes)

Stack: [0x0000007573100000,0x0000007573200000]
Native frames: (J=compiled Java code, j=interpreted, Vv=VM code, C=native code)
V  [jvm.dll+0x7a6b59]  (no source info available)
V  [jvm.dll+0x77290d]  (no source info available)
V  [jvm.dll+0x966153]  (no source info available)
V  [jvm.dll+0x968751]  (no source info available)
V  [jvm.dll+0x968e53]  (no source info available)
V  [jvm.dll+0x2fc756]  (no source info available)
V  [jvm.dll+0x111b26]  (no source info available)
V  [jvm.dll+0x111e4e]  (no source info available)
V  [jvm.dll+0x1a0a22]  (no source info available)
V  [jvm.dll+0x3b53c2]  (no source info available)
V  [jvm.dll+0x7ac4ef]  (no source info available)
V  [jvm.dll+0x2c0ac7]  (no source info available)
V  [jvm.dll+0x2bfa8f]  (no source info available)
V  [jvm.dll+0x237b60]  (no source info available)
V  [jvm.dll+0x2cfb56]  (no source info available)
V  [jvm.dll+0x2cddd5]  (no source info available)
V  [jvm.dll+0x48e6d1]  (no source info available)
V  [jvm.dll+0x906a0d]  (no source info available)
V  [jvm.dll+0x7a5135]  (no source info available)
C  [ucrtbase.dll+0x37b0]  (no source info available)
C  [KERNEL32.DLL+0x2e8d7]  (no source info available)
C  [ntdll.dll+0x8c53c]  (no source info available)

Lock stack of current Java thread (top to bottom):


---------------  P R O C E S S  ---------------

Threads class SMR info:
_java_thread_list=0x0000018b54aa7620, length=21, elements={
0x0000018b51849e80, 0x0000018b5184a8e0, 0x0000018b5184d690, 0x0000018b5184e250,
0x0000018b51850e20, 0x0000018b51851b10, 0x0000018b5185aa10, 0x0000018b5187fea0,
0x0000018b542bd430, 0x0000018b542e73b0, 0x0000018b542e1be0, 0x0000018b54597670,
0x0000018b543301a0, 0x0000018b54333420, 0x0000018b54a21ed0, 0x0000018b54a49380,
0x0000018b54ae0e10, 0x0000018b54ab6710, 0x0000018b54be3410, 0x0000018b54be43b0,
0x0000018b542c5010
}

Java Threads: ( => current thread )
  0x0000018b51849e80 JavaThread "Reference Handler"          daemon [_thread_blocked, id=40312, stack(0x0000007572300000,0x0000007572400000) (1024K)]
  0x0000018b5184a8e0 JavaThread "Finalizer"                  daemon [_thread_blocked, id=30188, stack(0x0000007572400000,0x0000007572500000) (1024K)]
  0x0000018b5184d690 JavaThread "Signal Dispatcher"          daemon [_thread_blocked, id=27632, stack(0x0000007572500000,0x0000007572600000) (1024K)]
  0x0000018b5184e250 JavaThread "Attach Listener"            daemon [_thread_blocked, id=7824, stack(0x0000007572600000,0x0000007572700000) (1024K)]
  0x0000018b51850e20 JavaThread "Service Thread"             daemon [_thread_blocked, id=34488, stack(0x0000007572700000,0x0000007572800000) (1024K)]
  0x0000018b51851b10 JavaThread "Monitor Deflation Thread"   daemon [_thread_blocked, id=39848, stack(0x0000007572800000,0x0000007572900000) (1024K)]
  0x0000018b5185aa10 JavaThread "C2 CompilerThread0"         daemon [_thread_in_native, id=18936, stack(0x0000007572900000,0x0000007572a00000) (1024K)]
  0x0000018b5187fea0 JavaThread "C1 CompilerThread0"         daemon [_thread_in_native, id=40820, stack(0x0000007572a00000,0x0000007572b00000) (1024K)]
  0x0000018b542bd430 JavaThread "Common-Cleaner"             daemon [_thread_blocked, id=42444, stack(0x0000007572b00000,0x0000007572c00000) (1024K)]
  0x0000018b542e73b0 JavaThread "Monitor Ctrl-Break"         daemon [_thread_in_native, id=40264, stack(0x0000007572c00000,0x0000007572d00000) (1024K)]
  0x0000018b542e1be0 JavaThread "Notification Thread"        daemon [_thread_blocked, id=42940, stack(0x0000007572d00000,0x0000007572e00000) (1024K)]
  0x0000018b54597670 JavaThread "Java2D Disposer"            daemon [_thread_blocked, id=14096, stack(0x0000007572e00000,0x0000007572f00000) (1024K)]
  0x0000018b543301a0 JavaThread "AWT-Shutdown"                      [_thread_blocked, id=27820, stack(0x0000007572f00000,0x0000007573000000) (1024K)]
  0x0000018b54333420 JavaThread "AWT-Windows"                daemon [_thread_in_native, id=43928, stack(0x0000007573000000,0x0000007573100000) (1024K)]
=>0x0000018b54a21ed0 JavaThread "C2 CompilerThread1"         daemon [_thread_in_native, id=11512, stack(0x0000007573100000,0x0000007573200000) (1024K)]
  0x0000018b54a49380 JavaThread "AWT-EventQueue-0"                  [_thread_in_native, id=43520, stack(0x0000007573200000,0x0000007573300000) (1024K)]
  0x0000018b54ae0e10 JavaThread "Java Sound Event Dispatcher" daemon [_thread_blocked, id=16472, stack(0x0000007573500000,0x0000007573600000) (1024K)]
  0x0000018b54ab6710 JavaThread "Direct Clip"                daemon [_thread_in_vm, id=23164, stack(0x0000007573900000,0x0000007573a00000) (1024K)]
  0x0000018b54be3410 JavaThread "Thread-0"                          [_thread_in_Java, id=12716, stack(0x0000007573a00000,0x0000007573b00000) (1024K)]
  0x0000018b54be43b0 JavaThread "DestroyJavaVM"                     [_thread_blocked, id=5056, stack(0x0000007571b00000,0x0000007571c00000) (1024K)]
  0x0000018b542c5010 JavaThread "C2 CompilerThread2"         daemon [_thread_in_native, id=33624, stack(0x0000007573b00000,0x0000007573c00000) (1024K)]
Total: 21

Other Threads:
  0x0000018b518371d0 VMThread "VM Thread"                           [id=41284, stack(0x0000007572200000,0x0000007572300000) (1024K)]
  0x0000018b51829aa0 WatcherThread "VM Periodic Task Thread"        [id=39928, stack(0x0000007572100000,0x0000007572200000) (1024K)]
  0x0000018b32d34a10 WorkerThread "GC Thread#0"                     [id=41836, stack(0x0000007571c00000,0x0000007571d00000) (1024K)]
  0x0000018b32d8c010 ConcurrentGCThread "G1 Main Marker"            [id=42300, stack(0x0000007571d00000,0x0000007571e00000) (1024K)]
  0x0000018b32d8d350 WorkerThread "G1 Conc#0"                       [id=15600, stack(0x0000007571e00000,0x0000007571f00000) (1024K)]
  0x0000018b516f7ea0 ConcurrentGCThread "G1 Refine#0"               [id=12972, stack(0x0000007571f00000,0x0000007572000000) (1024K)]
  0x0000018b516f8ab0 ConcurrentGCThread "G1 Service"                [id=40916, stack(0x0000007572000000,0x0000007572100000) (1024K)]
Total: 7

Threads with active compile tasks:
C2 CompilerThread0  7932 1320 %s    4       sun.java2d.loops.GraphicsPrimitiveMgr::locatePrim @ 28 (95 bytes)
C1 CompilerThread0  7932 1500  s    2       javax.swing.RepaintManager::extendDirtyRegion (36 bytes)
C2 CompilerThread1  7932 1299       4       jdk.internal.jimage.ImageLocation::verify (218 bytes)
C2 CompilerThread2  7932 1340       4       java.awt.geom.AffineTransform::transform (635 bytes)
Total: 4

VM state: not at safepoint (normal execution)

VM Mutex/Monitor currently owned by a thread: None

Heap address: 0x0000000706c00000, size: 3988 MB, Compressed Oops mode: Zero based, Oop shift amount: 3

CDS archive(s) mapped at: [0x0000000019000000-0x0000000019dd0000-0x0000000019dd0000), size 14483456, SharedBaseAddress: 0x0000000019000000, ArchiveRelocationMode: 1.
Compressed class space mapped at: 0x000000001a000000-0x000000005a000000, reserved size: 1073741824
UseCompressedClassPointers 1, UseCompactObjectHeaders 0
Narrow klass pointer bits 32, Max shift 3
Narrow klass base: 0x0000000019000000, Narrow klass shift: 0
Encoding Range: [0x0000000019000000 - 0x0000000119000000), (4294967296 bytes)
Klass Range:    [0x0000000019010000 - 0x000000005a000000), (1090453504 bytes)
Klass ID Range:  [65536 - 1090519033) (1090453497)
Protection zone: [0x0000000019000000 - 0x0000000019010000), (65536 bytes)

GC Precious Log:
 CardTable entry size: 512
 Card Set container configuration: InlinePtr #cards 4 size 8 Array Of Cards #cards 16 size 48 Howl #buckets 8 coarsen threshold 3686 Howl Bitmap #cards 512 size 80 coarsen threshold 460 Card regions per heap region 1 cards per card region 4096
 CPUs: 8 total, 8 available
 Memory: 15944M
 Large Page Support: Disabled
 NUMA Support: Disabled
 Compressed Oops: Enabled (Zero based)
 Heap Region Size: 2M
 Heap Min Capacity: 8M
 Heap Initial Capacity: 250M
 Heap Max Capacity: 3988M
 Pre-touch: Disabled
 Parallel Workers: 8
 Concurrent Workers: 2
 Concurrent Refinement Workers: 8
 Periodic GC: Disabled

Heap:
 garbage-first heap   total reserved 4083712K, committed 258048K, used 52371K [0x0000000706c00000, 0x0000000800000000)
  region size 2048K, 19 young (38912K), 0 survivors (0K)

Heap Regions: E=young(eden), S=young(survivor), O=old, HS=humongous(starts), HC=humongous(continues), CS=collection set, F=free, TAMS=top-at-mark-start, PB=parsable bottom
|   0|0x0000000706c00000, 0x0000000706e00000, 0x0000000706e00000|100%|HS|  |TAMS 0x0000000706c00000| PB 0x0000000706c00000| Complete |  0
|   1|0x0000000706e00000, 0x0000000707000000, 0x0000000707000000|100%|HC|  |TAMS 0x0000000706e00000| PB 0x0000000706e00000| Complete |  0
|   2|0x0000000707000000, 0x0000000707200000, 0x0000000707200000|100%|HS|  |TAMS 0x0000000707000000| PB 0x0000000707000000| Complete |  0
|   3|0x0000000707200000, 0x0000000707400000, 0x0000000707400000|100%|HC|  |TAMS 0x0000000707200000| PB 0x0000000707200000| Complete |  0
|   4|0x0000000707400000, 0x0000000707600000, 0x0000000707600000|100%|HC|  |TAMS 0x0000000707400000| PB 0x0000000707400000| Complete |  0
|   5|0x0000000707600000, 0x0000000707800000, 0x0000000707800000|100%|HC|  |TAMS 0x0000000707600000| PB 0x0000000707600000| Complete |  0
|   6|0x0000000707800000, 0x0000000707a00000, 0x0000000707a00000|100%|HC|  |TAMS 0x0000000707800000| PB 0x0000000707800000| Complete |  0
|   7|0x0000000707a00000, 0x0000000707a00000, 0x0000000707c00000|  0%| F|  |TAMS 0x0000000707a00000| PB 0x0000000707a00000| Untracked |  0
|   8|0x0000000707c00000, 0x0000000707c00000, 0x0000000707e00000|  0%| F|  |TAMS 0x0000000707c00000| PB 0x0000000707c00000| Untracked |  0
|   9|0x0000000707e00000, 0x0000000707e00000, 0x0000000708000000|  0%| F|  |TAMS 0x0000000707e00000| PB 0x0000000707e00000| Untracked |  0
|  10|0x0000000708000000, 0x0000000708000000, 0x0000000708200000|  0%| F|  |TAMS 0x0000000708000000| PB 0x0000000708000000| Untracked |  0
|  11|0x0000000708200000, 0x0000000708200000, 0x0000000708400000|  0%| F|  |TAMS 0x0000000708200000| PB 0x0000000708200000| Untracked |  0
|  12|0x0000000708400000, 0x0000000708400000, 0x0000000708600000|  0%| F|  |TAMS 0x0000000708400000| PB 0x0000000708400000| Untracked |  0
|  13|0x0000000708600000, 0x0000000708600000, 0x0000000708800000|  0%| F|  |TAMS 0x0000000708600000| PB 0x0000000708600000| Untracked |  0
|  14|0x0000000708800000, 0x0000000708800000, 0x0000000708a00000|  0%| F|  |TAMS 0x0000000708800000| PB 0x0000000708800000| Untracked |  0
|  15|0x0000000708a00000, 0x0000000708a00000, 0x0000000708c00000|  0%| F|  |TAMS 0x0000000708a00000| PB 0x0000000708a00000| Untracked |  0
|  16|0x0000000708c00000, 0x0000000708c00000, 0x0000000708e00000|  0%| F|  |TAMS 0x0000000708c00000| PB 0x0000000708c00000| Untracked |  0
|  17|0x0000000708e00000, 0x0000000708e00000, 0x0000000709000000|  0%| F|  |TAMS 0x0000000708e00000| PB 0x0000000708e00000| Untracked |  0
|  18|0x0000000709000000, 0x0000000709000000, 0x0000000709200000|  0%| F|  |TAMS 0x0000000709000000| PB 0x0000000709000000| Untracked |  0
|  19|0x0000000709200000, 0x0000000709200000, 0x0000000709400000|  0%| F|  |TAMS 0x0000000709200000| PB 0x0000000709200000| Untracked |  0
|  20|0x0000000709400000, 0x0000000709400000, 0x0000000709600000|  0%| F|  |TAMS 0x0000000709400000| PB 0x0000000709400000| Untracked |  0
|  21|0x0000000709600000, 0x0000000709600000, 0x0000000709800000|  0%| F|  |TAMS 0x0000000709600000| PB 0x0000000709600000| Untracked |  0
|  22|0x0000000709800000, 0x0000000709800000, 0x0000000709a00000|  0%| F|  |TAMS 0x0000000709800000| PB 0x0000000709800000| Untracked |  0
|  23|0x0000000709a00000, 0x0000000709a00000, 0x0000000709c00000|  0%| F|  |TAMS 0x0000000709a00000| PB 0x0000000709a00000| Untracked |  0
|  24|0x0000000709c00000, 0x0000000709c00000, 0x0000000709e00000|  0%| F|  |TAMS 0x0000000709c00000| PB 0x0000000709c00000| Untracked |  0
|  25|0x0000000709e00000, 0x0000000709e00000, 0x000000070a000000|  0%| F|  |TAMS 0x0000000709e00000| PB 0x0000000709e00000| Untracked |  0
|  26|0x000000070a000000, 0x000000070a000000, 0x000000070a200000|  0%| F|  |TAMS 0x000000070a000000| PB 0x000000070a000000| Untracked |  0
|  27|0x000000070a200000, 0x000000070a200000, 0x000000070a400000|  0%| F|  |TAMS 0x000000070a200000| PB 0x000000070a200000| Untracked |  0
|  28|0x000000070a400000, 0x000000070a400000, 0x000000070a600000|  0%| F|  |TAMS 0x000000070a400000| PB 0x000000070a400000| Untracked |  0
|  29|0x000000070a600000, 0x000000070a600000, 0x000000070a800000|  0%| F|  |TAMS 0x000000070a600000| PB 0x000000070a600000| Untracked |  0
|  30|0x000000070a800000, 0x000000070a800000, 0x000000070aa00000|  0%| F|  |TAMS 0x000000070a800000| PB 0x000000070a800000| Untracked |  0
|  31|0x000000070aa00000, 0x000000070aa00000, 0x000000070ac00000|  0%| F|  |TAMS 0x000000070aa00000| PB 0x000000070aa00000| Untracked |  0
|  32|0x000000070ac00000, 0x000000070ac00000, 0x000000070ae00000|  0%| F|  |TAMS 0x000000070ac00000| PB 0x000000070ac00000| Untracked |  0
|  33|0x000000070ae00000, 0x000000070ae00000, 0x000000070b000000|  0%| F|  |TAMS 0x000000070ae00000| PB 0x000000070ae00000| Untracked |  0
|  34|0x000000070b000000, 0x000000070b000000, 0x000000070b200000|  0%| F|  |TAMS 0x000000070b000000| PB 0x000000070b000000| Untracked |  0
|  35|0x000000070b200000, 0x000000070b200000, 0x000000070b400000|  0%| F|  |TAMS 0x000000070b200000| PB 0x000000070b200000| Untracked |  0
|  36|0x000000070b400000, 0x000000070b400000, 0x000000070b600000|  0%| F|  |TAMS 0x000000070b400000| PB 0x000000070b400000| Untracked |  0
|  37|0x000000070b600000, 0x000000070b600000, 0x000000070b800000|  0%| F|  |TAMS 0x000000070b600000| PB 0x000000070b600000| Untracked |  0
|  38|0x000000070b800000, 0x000000070b800000, 0x000000070ba00000|  0%| F|  |TAMS 0x000000070b800000| PB 0x000000070b800000| Untracked |  0
|  39|0x000000070ba00000, 0x000000070ba00000, 0x000000070bc00000|  0%| F|  |TAMS 0x000000070ba00000| PB 0x000000070ba00000| Untracked |  0
|  40|0x000000070bc00000, 0x000000070bc00000, 0x000000070be00000|  0%| F|  |TAMS 0x000000070bc00000| PB 0x000000070bc00000| Untracked |  0
|  41|0x000000070be00000, 0x000000070be00000, 0x000000070c000000|  0%| F|  |TAMS 0x000000070be00000| PB 0x000000070be00000| Untracked |  0
|  42|0x000000070c000000, 0x000000070c000000, 0x000000070c200000|  0%| F|  |TAMS 0x000000070c000000| PB 0x000000070c000000| Untracked |  0
|  43|0x000000070c200000, 0x000000070c200000, 0x000000070c400000|  0%| F|  |TAMS 0x000000070c200000| PB 0x000000070c200000| Untracked |  0
|  44|0x000000070c400000, 0x000000070c400000, 0x000000070c600000|  0%| F|  |TAMS 0x000000070c400000| PB 0x000000070c400000| Untracked |  0
|  45|0x000000070c600000, 0x000000070c600000, 0x000000070c800000|  0%| F|  |TAMS 0x000000070c600000| PB 0x000000070c600000| Untracked |  0
|  46|0x000000070c800000, 0x000000070c800000, 0x000000070ca00000|  0%| F|  |TAMS 0x000000070c800000| PB 0x000000070c800000| Untracked |  0
|  47|0x000000070ca00000, 0x000000070ca00000, 0x000000070cc00000|  0%| F|  |TAMS 0x000000070ca00000| PB 0x000000070ca00000| Untracked |  0
|  48|0x000000070cc00000, 0x000000070cc00000, 0x000000070ce00000|  0%| F|  |TAMS 0x000000070cc00000| PB 0x000000070cc00000| Untracked |  0
|  49|0x000000070ce00000, 0x000000070ce00000, 0x000000070d000000|  0%| F|  |TAMS 0x000000070ce00000| PB 0x000000070ce00000| Untracked |  0
|  50|0x000000070d000000, 0x000000070d000000, 0x000000070d200000|  0%| F|  |TAMS 0x000000070d000000| PB 0x000000070d000000| Untracked |  0
|  51|0x000000070d200000, 0x000000070d200000, 0x000000070d400000|  0%| F|  |TAMS 0x000000070d200000| PB 0x000000070d200000| Untracked |  0
|  52|0x000000070d400000, 0x000000070d400000, 0x000000070d600000|  0%| F|  |TAMS 0x000000070d400000| PB 0x000000070d400000| Untracked |  0
|  53|0x000000070d600000, 0x000000070d600000, 0x000000070d800000|  0%| F|  |TAMS 0x000000070d600000| PB 0x000000070d600000| Untracked |  0
|  54|0x000000070d800000, 0x000000070d800000, 0x000000070da00000|  0%| F|  |TAMS 0x000000070d800000| PB 0x000000070d800000| Untracked |  0
|  55|0x000000070da00000, 0x000000070da00000, 0x000000070dc00000|  0%| F|  |TAMS 0x000000070da00000| PB 0x000000070da00000| Untracked |  0
|  56|0x000000070dc00000, 0x000000070dc00000, 0x000000070de00000|  0%| F|  |TAMS 0x000000070dc00000| PB 0x000000070dc00000| Untracked |  0
|  57|0x000000070de00000, 0x000000070de00000, 0x000000070e000000|  0%| F|  |TAMS 0x000000070de00000| PB 0x000000070de00000| Untracked |  0
|  58|0x000000070e000000, 0x000000070e000000, 0x000000070e200000|  0%| F|  |TAMS 0x000000070e000000| PB 0x000000070e000000| Untracked |  0
|  59|0x000000070e200000, 0x000000070e200000, 0x000000070e400000|  0%| F|  |TAMS 0x000000070e200000| PB 0x000000070e200000| Untracked |  0
|  60|0x000000070e400000, 0x000000070e400000, 0x000000070e600000|  0%| F|  |TAMS 0x000000070e400000| PB 0x000000070e400000| Untracked |  0
|  61|0x000000070e600000, 0x000000070e600000, 0x000000070e800000|  0%| F|  |TAMS 0x000000070e600000| PB 0x000000070e600000| Untracked |  0
|  62|0x000000070e800000, 0x000000070e800000, 0x000000070ea00000|  0%| F|  |TAMS 0x000000070e800000| PB 0x000000070e800000| Untracked |  0
|  63|0x000000070ea00000, 0x000000070ea00000, 0x000000070ec00000|  0%| F|  |TAMS 0x000000070ea00000| PB 0x000000070ea00000| Untracked |  0
|  64|0x000000070ec00000, 0x000000070ec00000, 0x000000070ee00000|  0%| F|  |TAMS 0x000000070ec00000| PB 0x000000070ec00000| Untracked |  0
|  65|0x000000070ee00000, 0x000000070ee00000, 0x000000070f000000|  0%| F|  |TAMS 0x000000070ee00000| PB 0x000000070ee00000| Untracked |  0
|  66|0x000000070f000000, 0x000000070f000000, 0x000000070f200000|  0%| F|  |TAMS 0x000000070f000000| PB 0x000000070f000000| Untracked |  0
|  67|0x000000070f200000, 0x000000070f200000, 0x000000070f400000|  0%| F|  |TAMS 0x000000070f200000| PB 0x000000070f200000| Untracked |  0
|  68|0x000000070f400000, 0x000000070f400000, 0x000000070f600000|  0%| F|  |TAMS 0x000000070f400000| PB 0x000000070f400000| Untracked |  0
|  69|0x000000070f600000, 0x000000070f600000, 0x000000070f800000|  0%| F|  |TAMS 0x000000070f600000| PB 0x000000070f600000| Untracked |  0
|  70|0x000000070f800000, 0x000000070f800000, 0x000000070fa00000|  0%| F|  |TAMS 0x000000070f800000| PB 0x000000070f800000| Untracked |  0
|  71|0x000000070fa00000, 0x000000070fa00000, 0x000000070fc00000|  0%| F|  |TAMS 0x000000070fa00000| PB 0x000000070fa00000| Untracked |  0
|  72|0x000000070fc00000, 0x000000070fc00000, 0x000000070fe00000|  0%| F|  |TAMS 0x000000070fc00000| PB 0x000000070fc00000| Untracked |  0
|  73|0x000000070fe00000, 0x000000070fe00000, 0x0000000710000000|  0%| F|  |TAMS 0x000000070fe00000| PB 0x000000070fe00000| Untracked |  0
|  74|0x0000000710000000, 0x0000000710000000, 0x0000000710200000|  0%| F|  |TAMS 0x0000000710000000| PB 0x0000000710000000| Untracked |  0
|  75|0x0000000710200000, 0x0000000710200000, 0x0000000710400000|  0%| F|  |TAMS 0x0000000710200000| PB 0x0000000710200000| Untracked |  0
|  76|0x0000000710400000, 0x0000000710400000, 0x0000000710600000|  0%| F|  |TAMS 0x0000000710400000| PB 0x0000000710400000| Untracked |  0
|  77|0x0000000710600000, 0x0000000710600000, 0x0000000710800000|  0%| F|  |TAMS 0x0000000710600000| PB 0x0000000710600000| Untracked |  0
|  78|0x0000000710800000, 0x0000000710800000, 0x0000000710a00000|  0%| F|  |TAMS 0x0000000710800000| PB 0x0000000710800000| Untracked |  0
|  79|0x0000000710a00000, 0x0000000710a00000, 0x0000000710c00000|  0%| F|  |TAMS 0x0000000710a00000| PB 0x0000000710a00000| Untracked |  0
|  80|0x0000000710c00000, 0x0000000710c00000, 0x0000000710e00000|  0%| F|  |TAMS 0x0000000710c00000| PB 0x0000000710c00000| Untracked |  0
|  81|0x0000000710e00000, 0x0000000710e00000, 0x0000000711000000|  0%| F|  |TAMS 0x0000000710e00000| PB 0x0000000710e00000| Untracked |  0
|  82|0x0000000711000000, 0x0000000711000000, 0x0000000711200000|  0%| F|  |TAMS 0x0000000711000000| PB 0x0000000711000000| Untracked |  0
|  83|0x0000000711200000, 0x0000000711200000, 0x0000000711400000|  0%| F|  |TAMS 0x0000000711200000| PB 0x0000000711200000| Untracked |  0
|  84|0x0000000711400000, 0x0000000711400000, 0x0000000711600000|  0%| F|  |TAMS 0x0000000711400000| PB 0x0000000711400000| Untracked |  0
|  85|0x0000000711600000, 0x0000000711600000, 0x0000000711800000|  0%| F|  |TAMS 0x0000000711600000| PB 0x0000000711600000| Untracked |  0
|  86|0x0000000711800000, 0x0000000711800000, 0x0000000711a00000|  0%| F|  |TAMS 0x0000000711800000| PB 0x0000000711800000| Untracked |  0
|  87|0x0000000711a00000, 0x0000000711a00000, 0x0000000711c00000|  0%| F|  |TAMS 0x0000000711a00000| PB 0x0000000711a00000| Untracked |  0
|  88|0x0000000711c00000, 0x0000000711c00000, 0x0000000711e00000|  0%| F|  |TAMS 0x0000000711c00000| PB 0x0000000711c00000| Untracked |  0
|  89|0x0000000711e00000, 0x0000000711e00000, 0x0000000712000000|  0%| F|  |TAMS 0x0000000711e00000| PB 0x0000000711e00000| Untracked |  0
|  90|0x0000000712000000, 0x0000000712000000, 0x0000000712200000|  0%| F|  |TAMS 0x0000000712000000| PB 0x0000000712000000| Untracked |  0
|  91|0x0000000712200000, 0x0000000712200000, 0x0000000712400000|  0%| F|  |TAMS 0x0000000712200000| PB 0x0000000712200000| Untracked |  0
|  92|0x0000000712400000, 0x0000000712400000, 0x0000000712600000|  0%| F|  |TAMS 0x0000000712400000| PB 0x0000000712400000| Untracked |  0
|  93|0x0000000712600000, 0x0000000712600000, 0x0000000712800000|  0%| F|  |TAMS 0x0000000712600000| PB 0x0000000712600000| Untracked |  0
|  94|0x0000000712800000, 0x0000000712800000, 0x0000000712a00000|  0%| F|  |TAMS 0x0000000712800000| PB 0x0000000712800000| Untracked |  0
|  95|0x0000000712a00000, 0x0000000712a00000, 0x0000000712c00000|  0%| F|  |TAMS 0x0000000712a00000| PB 0x0000000712a00000| Untracked |  0
|  96|0x0000000712c00000, 0x0000000712c00000, 0x0000000712e00000|  0%| F|  |TAMS 0x0000000712c00000| PB 0x0000000712c00000| Untracked |  0
|  97|0x0000000712e00000, 0x0000000712e00000, 0x0000000713000000|  0%| F|  |TAMS 0x0000000712e00000| PB 0x0000000712e00000| Untracked |  0
|  98|0x0000000713000000, 0x0000000713000000, 0x0000000713200000|  0%| F|  |TAMS 0x0000000713000000| PB 0x0000000713000000| Untracked |  0
|  99|0x0000000713200000, 0x0000000713200000, 0x0000000713400000|  0%| F|  |TAMS 0x0000000713200000| PB 0x0000000713200000| Untracked |  0
| 100|0x0000000713400000, 0x0000000713400000, 0x0000000713600000|  0%| F|  |TAMS 0x0000000713400000| PB 0x0000000713400000| Untracked |  0
| 101|0x0000000713600000, 0x0000000713600000, 0x0000000713800000|  0%| F|  |TAMS 0x0000000713600000| PB 0x0000000713600000| Untracked |  0
| 102|0x0000000713800000, 0x0000000713800000, 0x0000000713a00000|  0%| F|  |TAMS 0x0000000713800000| PB 0x0000000713800000| Untracked |  0
| 103|0x0000000713a00000, 0x0000000713a00000, 0x0000000713c00000|  0%| F|  |TAMS 0x0000000713a00000| PB 0x0000000713a00000| Untracked |  0
| 104|0x0000000713c00000, 0x0000000713c00000, 0x0000000713e00000|  0%| F|  |TAMS 0x0000000713c00000| PB 0x0000000713c00000| Untracked |  0
| 105|0x0000000713e00000, 0x0000000713e00000, 0x0000000714000000|  0%| F|  |TAMS 0x0000000713e00000| PB 0x0000000713e00000| Untracked |  0
| 106|0x0000000714000000, 0x00000007141eb8d8, 0x0000000714200000| 96%| E|  |TAMS 0x0000000714000000| PB 0x0000000714000000| Complete |  0
| 107|0x0000000714200000, 0x0000000714400000, 0x0000000714400000|100%| E|CS|TAMS 0x0000000714200000| PB 0x0000000714200000| Complete |  0
| 108|0x0000000714400000, 0x0000000714600000, 0x0000000714600000|100%| E|CS|TAMS 0x0000000714400000| PB 0x0000000714400000| Complete |  0
| 109|0x0000000714600000, 0x0000000714800000, 0x0000000714800000|100%| E|CS|TAMS 0x0000000714600000| PB 0x0000000714600000| Complete |  0
| 110|0x0000000714800000, 0x0000000714a00000, 0x0000000714a00000|100%| E|CS|TAMS 0x0000000714800000| PB 0x0000000714800000| Complete |  0
| 111|0x0000000714a00000, 0x0000000714c00000, 0x0000000714c00000|100%| E|CS|TAMS 0x0000000714a00000| PB 0x0000000714a00000| Complete |  0
| 112|0x0000000714c00000, 0x0000000714e00000, 0x0000000714e00000|100%| E|CS|TAMS 0x0000000714c00000| PB 0x0000000714c00000| Complete |  0
| 113|0x0000000714e00000, 0x0000000715000000, 0x0000000715000000|100%| E|CS|TAMS 0x0000000714e00000| PB 0x0000000714e00000| Complete |  0
| 114|0x0000000715000000, 0x0000000715200000, 0x0000000715200000|100%| E|CS|TAMS 0x0000000715000000| PB 0x0000000715000000| Complete |  0
| 115|0x0000000715200000, 0x0000000715400000, 0x0000000715400000|100%| E|CS|TAMS 0x0000000715200000| PB 0x0000000715200000| Complete |  0
| 116|0x0000000715400000, 0x0000000715600000, 0x0000000715600000|100%| E|CS|TAMS 0x0000000715400000| PB 0x0000000715400000| Complete |  0
| 117|0x0000000715600000, 0x0000000715800000, 0x0000000715800000|100%| E|CS|TAMS 0x0000000715600000| PB 0x0000000715600000| Complete |  0
| 118|0x0000000715800000, 0x0000000715a00000, 0x0000000715a00000|100%| E|CS|TAMS 0x0000000715800000| PB 0x0000000715800000| Complete |  0
| 119|0x0000000715a00000, 0x0000000715c00000, 0x0000000715c00000|100%| E|CS|TAMS 0x0000000715a00000| PB 0x0000000715a00000| Complete |  0
| 120|0x0000000715c00000, 0x0000000715e00000, 0x0000000715e00000|100%| E|CS|TAMS 0x0000000715c00000| PB 0x0000000715c00000| Complete |  1
| 121|0x0000000715e00000, 0x0000000716000000, 0x0000000716000000|100%| E|CS|TAMS 0x0000000715e00000| PB 0x0000000715e00000| Complete |  0
| 122|0x0000000716000000, 0x0000000716200000, 0x0000000716200000|100%| E|CS|TAMS 0x0000000716000000| PB 0x0000000716000000| Complete |  0
| 123|0x0000000716200000, 0x0000000716400000, 0x0000000716400000|100%| E|CS|TAMS 0x0000000716200000| PB 0x0000000716200000| Complete |  0
| 124|0x0000000716400000, 0x0000000716600000, 0x0000000716600000|100%| E|CS|TAMS 0x0000000716400000| PB 0x0000000716400000| Complete |  0
|1993|0x00000007ffe00000, 0x00000007fff24ea8, 0x0000000800000000| 57%| O|  |TAMS 0x00000007ffe00000| PB 0x00000007ffe00000| Untracked |  0

Card table byte_map: [0x0000018b4cff0000,0x0000018b4d7c0000] _byte_map_base: 0x0000018b497ba000

Marking Bits: (CMBitMap*) 0x0000018b32d351a0
 Bits: [0x0000018b4d7c0000, 0x0000018b51610000)

Polling page: 0x0000018b329f0000

Metaspace:
Metaspace        used 8709K, committed 8896K, reserved 1114112K
 class space     used 686K, committed 768K, reserved 1048576K

Usage:
  Non-class:      7.83 MB used.
      Class:    686.96 KB used.
       Both:      8.51 MB used.

Virtual space:
  Non-class space:       64.00 MB reserved,       7.94 MB ( 12%) committed,  1 nodes.
      Class space:        1.00 GB reserved,     768.00 KB ( <1%) committed,  1 nodes.
             Both:        1.06 GB reserved,       8.69 MB ( <1%) committed. 

Chunk freelists:
   Non-Class:  8.08 MB
       Class:  15.22 MB
        Both:  23.30 MB

MaxMetaspaceSize: unlimited
CompressedClassSpaceSize: 1.00 GB
Initial GC threshold: 21.00 MB
Current GC threshold: 21.00 MB
CDS: on
 - commit_granule_bytes: 65536.
 - commit_granule_words: 8192.
 - virtual_space_node_default_size: 8388608.
 - enlarge_chunks_in_place: 1.
UseCompressedClassPointers 1, UseCompactObjectHeaders 0
Narrow klass pointer bits 32, Max shift 3
Narrow klass base: 0x0000000019000000, Narrow klass shift: 0
Encoding Range: [0x0000000019000000 - 0x0000000119000000), (4294967296 bytes)
Klass Range:    [0x0000000019010000 - 0x000000005a000000), (1090453504 bytes)
Klass ID Range:  [65536 - 1090519033) (1090453497)
Protection zone: [0x0000000019000000 - 0x0000000019010000), (65536 bytes)


Internal statistics:

num_allocs_failed_limit: 0.
num_arena_births: 100.
num_arena_deaths: 0.
num_vsnodes_births: 2.
num_vsnodes_deaths: 0.
num_space_committed: 139.
num_space_uncommitted: 0.
num_chunks_returned_to_freelist: 0.
num_chunks_taken_from_freelist: 135.
num_chunk_merges: 0.
num_chunk_splits: 84.
num_chunks_enlarged: 47.
num_inconsistent_stats: 0.

CodeHeap 'non-profiled nmethods': size=120064Kb used=366Kb max_used=366Kb free=119697Kb
 bounds [0x0000018b44880000, 0x0000018b44af0000, 0x0000018b4bdc0000]
CodeHeap 'profiled nmethods': size=120000Kb used=1894Kb max_used=1894Kb free=118105Kb
 bounds [0x0000018b3cdc0000, 0x0000018b3d030000, 0x0000018b442f0000]
CodeHeap 'non-nmethods': size=5696Kb used=1699Kb max_used=1699Kb free=3996Kb
 bounds [0x0000018b442f0000, 0x0000018b44560000, 0x0000018b44880000]
CodeCache: size=245760Kb, used=3959Kb, max_used=3959Kb, free=241798Kb
 total_blobs=2083, nmethods=1426, adapters=558, full_count=0
Compilation: enabled, stopped_count=0, restarted_count=0

Compilation events (20 events):
Event: 1.930 Thread 0x0000018b5187fea0 nmethod 1284 0x0000018b3cf74208 code [0x0000018b3cf74300, 0x0000018b3cf74530]
Event: 1.930 Thread 0x0000018b5187fea0 1285       3       com.sun.imageio.plugins.common.ReaderUtil::tryReadFully (33 bytes)
Event: 1.930 Thread 0x0000018b5187fea0 nmethod 1285 0x0000018b3cf74588 code [0x0000018b3cf74680, 0x0000018b3cf74968]
Event: 1.930 Thread 0x0000018b5187fea0 1286       3       java.util.Stack::<init> (5 bytes)
Event: 1.930 Thread 0x0000018b5187fea0 nmethod 1286 0x0000018b3cf74988 code [0x0000018b3cf74a80, 0x0000018b3cf74c90]
Event: 1.930 Thread 0x0000018b5187fea0 1295       3       java.awt.image.DataBufferByte::getElem (20 bytes)
Event: 1.930 Thread 0x0000018b5187fea0 nmethod 1295 0x0000018b3cf74d08 code [0x0000018b3cf74e00, 0x0000018b3cf74fa0]
Event: 1.930 Thread 0x0000018b5187fea0 1291       1       java.awt.image.ColorModel::getNumComponents (5 bytes)
Event: 1.930 Thread 0x0000018b5187fea0 nmethod 1291 0x0000018b448d4288 code [0x0000018b448d4380, 0x0000018b448d4448]
Event: 1.930 Thread 0x0000018b5187fea0 1292       1       javax.imageio.IIOParam::getSubsamplingXOffset (5 bytes)
Event: 1.930 Thread 0x0000018b5187fea0 nmethod 1292 0x0000018b448d4588 code [0x0000018b448d4680, 0x0000018b448d4748]
Event: 1.930 Thread 0x0000018b5187fea0 1293       1       javax.imageio.IIOParam::getSubsamplingYOffset (5 bytes)
Event: 1.930 Thread 0x0000018b5187fea0 nmethod 1293 0x0000018b448d4888 code [0x0000018b448d4980, 0x0000018b448d4a48]
Event: 1.930 Thread 0x0000018b5187fea0 1297       1       sun.awt.image.ByteInterleavedRaster::getPixelStride (5 bytes)
Event: 1.930 Thread 0x0000018b5187fea0 nmethod 1297 0x0000018b448d4b88 code [0x0000018b448d4c80, 0x0000018b448d4d48]
Event: 1.960 Thread 0x0000018b5187fea0 1298       3       sun.invoke.util.VerifyAccess::ensureTypeVisible (47 bytes)
Event: 1.961 Thread 0x0000018b5187fea0 nmethod 1298 0x0000018b3cf75008 code [0x0000018b3cf75100, 0x0000018b3cf75658]
Event: 2.026 Thread 0x0000018b54a21ed0 1299       4       jdk.internal.jimage.ImageLocation::verify (218 bytes)
Event: 2.026 Thread 0x0000018b5185aa10 1300       4       java.lang.StringLatin1::indexOf (121 bytes)
Event: 2.033 Thread 0x0000018b5185aa10 nmethod 1300 0x0000018b448d4e88 code [0x0000018b448d4f80, 0x0000018b448d5500]

GC Heap Usage History (0 events):
No events

Metaspace Usage History (0 events):
No events

Dll operation events (12 events):
Event: 0.015 Loaded shared library C:\Users\logan\.jdks\openjdk-25.0.1\bin\java.dll
Event: 0.089 Loaded shared library C:\Users\logan\.jdks\openjdk-25.0.1\bin\zip.dll
Event: 0.092 Loaded shared library C:\Users\logan\.jdks\openjdk-25.0.1\bin\instrument.dll
Event: 0.099 Loaded shared library C:\Users\logan\.jdks\openjdk-25.0.1\bin\net.dll
Event: 0.101 Loaded shared library C:\Users\logan\.jdks\openjdk-25.0.1\bin\nio.dll
Event: 0.105 Loaded shared library C:\Users\logan\.jdks\openjdk-25.0.1\bin\zip.dll
Event: 0.132 Loaded shared library C:\Users\logan\.jdks\openjdk-25.0.1\bin\extnet.dll
Event: 0.141 Loaded shared library C:\Users\logan\.jdks\openjdk-25.0.1\bin\jimage.dll
Event: 1.160 Loaded shared library C:\Users\logan\.jdks\openjdk-25.0.1\bin\awt.dll
Event: 1.761 Loaded shared library C:\Users\logan\.jdks\openjdk-25.0.1\bin\freetype.dll
Event: 1.764 Loaded shared library C:\Users\logan\.jdks\openjdk-25.0.1\bin\fontmanager.dll
Event: 1.973 Loaded shared library C:\Users\logan\.jdks\openjdk-25.0.1\bin\jsound.dll

Deoptimization events (18 events):
Event: 1.271 Thread 0x0000018b32ccd6b0 Uncommon trap: trap_request=0xffffff45 fr.pc=0x0000018b4488dca8 relative=0x0000000000000628
Event: 1.271 Thread 0x0000018b32ccd6b0 Uncommon trap: reason=unstable_if action=reinterpret pc=0x0000018b4488dca8 method=java.util.HashMap.putVal(ILjava/lang/Object;Ljava/lang/Object;ZZ)Ljava/lang/Object; @ 69 c2
Event: 1.271 Thread 0x0000018b32ccd6b0 DEOPT PACKING pc=0x0000018b4488dca8 sp=0x0000007571bfdea0
Event: 1.271 Thread 0x0000018b32ccd6b0 DEOPT UNPACKING pc=0x0000018b44421202 sp=0x0000007571bfde20 mode 2
Event: 1.351 Thread 0x0000018b32ccd6b0 Uncommon trap: trap_request=0xffffff45 fr.pc=0x0000018b448a8970 relative=0x00000000000004f0
Event: 1.351 Thread 0x0000018b32ccd6b0 Uncommon trap: reason=unstable_if action=reinterpret pc=0x0000018b448a8970 method=java.lang.StringLatin1.replace([BCC)Ljava/lang/String; @ 19 c2
Event: 1.351 Thread 0x0000018b32ccd6b0 DEOPT PACKING pc=0x0000018b448a8970 sp=0x0000007571bfe4d0
Event: 1.351 Thread 0x0000018b32ccd6b0 DEOPT UNPACKING pc=0x0000018b44421202 sp=0x0000007571bfe450 mode 2
Event: 1.754 Thread 0x0000018b32ccd6b0 Uncommon trap: trap_request=0xffffff45 fr.pc=0x0000018b448c17f4 relative=0x0000000000000174
Event: 1.754 Thread 0x0000018b32ccd6b0 Uncommon trap: reason=unstable_if action=reinterpret pc=0x0000018b448c17f4 method=sun.java2d.loops.GraphicsPrimitiveMgr.locate(Lsun/java2d/loops/GraphicsPrimitiveMgr$PrimitiveSpec;)Lsun/java2d/loops/GraphicsPrimitive; @ 3 c2
Event: 1.754 Thread 0x0000018b32ccd6b0 DEOPT PACKING pc=0x0000018b448c17f4 sp=0x0000007571bfe910
Event: 1.754 Thread 0x0000018b32ccd6b0 DEOPT UNPACKING pc=0x0000018b44421202 sp=0x0000007571bfe8b0 mode 2
Event: 1.775 Thread 0x0000018b32ccd6b0 Uncommon trap: trap_request=0xffffffcc fr.pc=0x0000018b448bbc74 relative=0x0000000000000274
Event: 1.775 Thread 0x0000018b32ccd6b0 Uncommon trap: reason=intrinsic_or_type_checked_inlining action=make_not_entrant pc=0x0000018b448bbc74 method=java.util.Arrays.copyOf([Ljava/lang/Object;ILjava/lang/Class;)[Ljava/lang/Object; @ 35 c2
Event: 1.775 Thread 0x0000018b32ccd6b0 DEOPT PACKING pc=0x0000018b448bbc74 sp=0x0000007571bfc670
Event: 1.775 Thread 0x0000018b32ccd6b0 DEOPT UNPACKING pc=0x0000018b44421202 sp=0x0000007571bfc618 mode 2
Event: 2.026 Thread 0x0000018b32ccd6b0 DEOPT PACKING pc=0x0000018b3cebb119 sp=0x0000007571bfe7b0
Event: 2.026 Thread 0x0000018b32ccd6b0 DEOPT UNPACKING pc=0x0000018b443412a2 sp=0x0000007571bfdc00 mode 0

Classes loaded (20 events):
Event: 2.032 Loading class com/sun/media/sound/AutoClosingClip done
Event: 2.032 Loading class com/sun/media/sound/DirectAudioDevice$DirectClip done
Event: 2.032 Loading class com/sun/media/sound/DirectAudioDevice$DirectDL$Gain
Event: 2.032 Loading class javax/sound/sampled/FloatControl
Event: 2.033 Loading class javax/sound/sampled/FloatControl done
Event: 2.033 Loading class com/sun/media/sound/DirectAudioDevice$DirectDL$Gain done
Event: 2.033 Loading class javax/sound/sampled/FloatControl$Type
Event: 2.033 Loading class javax/sound/sampled/Control$Type
Event: 2.033 Loading class javax/sound/sampled/Control$Type done
Event: 2.033 Loading class javax/sound/sampled/FloatControl$Type done
Event: 2.033 Loading class com/sun/media/sound/DirectAudioDevice$DirectDL$Mute
Event: 2.033 Loading class javax/sound/sampled/BooleanControl
Event: 2.033 Loading class javax/sound/sampled/BooleanControl done
Event: 2.033 Loading class com/sun/media/sound/DirectAudioDevice$DirectDL$Mute done
Event: 2.033 Loading class javax/sound/sampled/BooleanControl$Type
Event: 2.033 Loading class javax/sound/sampled/BooleanControl$Type done
Event: 2.033 Loading class com/sun/media/sound/DirectAudioDevice$DirectDL$Balance
Event: 2.033 Loading class com/sun/media/sound/DirectAudioDevice$DirectDL$Balance done
Event: 2.033 Loading class com/sun/media/sound/DirectAudioDevice$DirectDL$Pan
Event: 2.033 Loading class com/sun/media/sound/DirectAudioDevice$DirectDL$Pan done

Classes unloaded (0 events):
No events

Classes redefined (0 events):
No events

Internal exceptions (20 events):
Event: 1.246 Thread 0x0000018b32ccd6b0 Exception <a 'java/lang/NoSuchMethodError'{0x0000000716120670}: 'long java.lang.invoke.DirectMethodHandle$Holder.invokeStatic(java.lang.Object, java.lang.Object)'> (0x0000000716120670) 
thrown [s\open\src\hotspot\share\interpreter\linkResolver.cpp, line 804]
Event: 1.246 Thread 0x0000018b32ccd6b0 Exception <a 'java/lang/NoSuchMethodError'{0x00000007161286c8}: 'long java.lang.invoke.DirectMethodHandle$Holder.invokeStaticInit(java.lang.Object, java.lang.Object)'> (0x00000007161286c8) 
thrown [s\open\src\hotspot\share\interpreter\linkResolver.cpp, line 804]
Event: 1.248 Thread 0x0000018b32ccd6b0 Exception <a 'java/lang/NoSuchMethodError'{0x0000000716130f78}: 'java.lang.Object java.lang.invoke.DirectMethodHandle$Holder.invokeStatic(java.lang.Object, long, java.lang.Object)'> (0x0000000716130f78) 
thrown [s\open\src\hotspot\share\interpreter\linkResolver.cpp, line 804]
Event: 1.249 Thread 0x0000018b32ccd6b0 Exception <a 'java/lang/NoSuchMethodError'{0x00000007161390c8}: 'java.lang.Object java.lang.invoke.DirectMethodHandle$Holder.invokeStaticInit(java.lang.Object, long, java.lang.Object)'> (0x00000007161390c8) 
thrown [s\open\src\hotspot\share\interpreter\linkResolver.cpp, line 804]
Event: 1.249 Thread 0x0000018b32ccd6b0 Exception <a 'java/lang/NoSuchMethodError'{0x00000007161418d8}: 'java.lang.Object java.lang.invoke.DirectMethodHandle$Holder.invokeStaticInit(java.lang.Object, long)'> (0x00000007161418d8) 
thrown [s\open\src\hotspot\share\interpreter\linkResolver.cpp, line 804]
Event: 1.274 Thread 0x0000018b32ccd6b0 Exception <a 'java/lang/NoSuchMethodError'{0x000000071616fa68}: 'void java.lang.invoke.DirectMethodHandle$Holder.invokeSpecial(java.lang.Object, java.lang.Object, java.lang.Object)'> (0x000000071616fa68) 
thrown [s\open\src\hotspot\share\interpreter\linkResolver.cpp, line 804]
Event: 1.286 Thread 0x0000018b32ccd6b0 Exception <a 'java/lang/NoSuchMethodError'{0x00000007161dea60}: 'java.lang.Object java.lang.invoke.DirectMethodHandle$Holder.newInvokeSpecial(java.lang.Object, java.lang.Object, java.lang.Object, java.lang.Object, java.lang.Object)'> (0x00000007161dea60) 
thrown [s\open\src\hotspot\share\interpreter\linkResolver.cpp, line 804]
Event: 1.292 Thread 0x0000018b32ccd6b0 Exception <a 'java/lang/NoSuchMethodError'{0x0000000715e5e678}: 'java.lang.Object java.lang.invoke.DirectMethodHandle$Holder.invokeStatic(java.lang.Object, int, java.lang.Object)'> (0x0000000715e5e678) 
thrown [s\open\src\hotspot\share\interpreter\linkResolver.cpp, line 804]
Event: 1.318 Thread 0x0000018b32ccd6b0 Exception <a 'java/lang/ClassNotFoundException'{0x0000000715c8ec18}: com/sun/swing/internal/plaf/metal/resources/spi/metalProvider> (0x0000000715c8ec18) 
thrown [s\open\src\hotspot\share\classfile\systemDictionary.cpp, line 327]
Event: 1.319 Thread 0x0000018b32ccd6b0 Exception <a 'java/lang/ClassNotFoundException'{0x0000000715c92638}: com/sun/swing/internal/plaf/basic/resources/spi/basicProvider> (0x0000000715c92638) 
thrown [s\open\src\hotspot\share\classfile\systemDictionary.cpp, line 327]
Event: 1.331 Thread 0x0000018b32ccd6b0 Exception <a 'java/lang/NoSuchMethodError'{0x0000000715cb8428}: 'int java.lang.invoke.Invokers$Holder.invokeExact_MT(java.lang.Object, java.lang.Object)'> (0x0000000715cb8428) 
thrown [s\open\src\hotspot\share\interpreter\linkResolver.cpp, line 804]
Event: 1.390 Thread 0x0000018b32ccd6b0 Exception <a 'java/lang/NoSuchMethodError'{0x0000000715d58428}: 'java.lang.Object java.lang.invoke.DirectMethodHandle$Holder.invokeStaticInit(java.lang.Object, int, int, int, int)'> (0x0000000715d58428) 
thrown [s\open\src\hotspot\share\interpreter\linkResolver.cpp, line 804]
Event: 1.413 Thread 0x0000018b32ccd6b0 Exception <a 'java/lang/NoSuchMethodError'{0x0000000715dced40}: 'java.lang.Object java.lang.invoke.DirectMethodHandle$Holder.invokeStaticInit(java.lang.Object, java.lang.Object, int, int, int, int)'> (0x0000000715dced40) 
thrown [s\open\src\hotspot\share\interpreter\linkResolver.cpp, line 804]
Event: 1.748 Thread 0x0000018b54333420 Exception <a 'java/lang/NoSuchMethodError'{0x00000007161fba28}: 'void java.lang.invoke.DirectMethodHandle$Holder.invokeVirtual(java.lang.Object, java.lang.Object)'> (0x00000007161fba28) 
thrown [s\open\src\hotspot\share\interpreter\linkResolver.cpp, line 804]
Event: 1.755 Thread 0x0000018b32ccd6b0 Exception <a 'java/lang/NoSuchMethodError'{0x00000007151e3018}: 'void java.lang.invoke.DirectMethodHandle$Holder.invokeStaticInit(java.lang.Object)'> (0x00000007151e3018) 
thrown [s\open\src\hotspot\share\interpreter\linkResolver.cpp, line 804]
Event: 1.772 Thread 0x0000018b32ccd6b0 Exception <a 'java/lang/NoSuchMethodError'{0x0000000714f22b90}: 'long java.lang.invoke.DirectMethodHandle$Holder.invokeStaticInit(java.lang.Object, long, long, long, long)'> (0x0000000714f22b90) 
thrown [s\open\src\hotspot\share\interpreter\linkResolver.cpp, line 804]
Event: 1.772 Thread 0x0000018b32ccd6b0 Exception <a 'java/lang/NoSuchMethodError'{0x0000000714f2b5f0}: 'java.lang.Object java.lang.invoke.DirectMethodHandle$Holder.invokeInterface(java.lang.Object, java.lang.Object, long, long)'> (0x0000000714f2b5f0) 
thrown [s\open\src\hotspot\share\interpreter\linkResolver.cpp, line 804]
Event: 1.773 Thread 0x0000018b32ccd6b0 Exception <a 'java/lang/NoSuchMethodError'{0x0000000714f43f98}: 'void java.lang.invoke.DirectMethodHandle$Holder.invokeStaticInit(java.lang.Object, java.lang.Object, long, java.lang.Object)'> (0x0000000714f43f98) 
thrown [s\open\src\hotspot\share\interpreter\linkResolver.cpp, line 804]
Event: 1.773 Thread 0x0000018b32ccd6b0 Exception <a 'java/lang/NoSuchMethodError'{0x0000000714f4cbd0}: 'long java.lang.invoke.DirectMethodHandle$Holder.invokeStatic(java.lang.Object, long, long)'> (0x0000000714f4cbd0) 
thrown [s\open\src\hotspot\share\interpreter\linkResolver.cpp, line 804]
Event: 1.775 Thread 0x0000018b32ccd6b0 Exception <a 'java/lang/NoSuchMethodError'{0x0000000714f6ef50}: 'java.lang.Object java.lang.invoke.DirectMethodHandle$Holder.newInvokeSpecial(java.lang.Object, int, java.lang.Object)'> (0x0000000714f6ef50) 
thrown [s\open\src\hotspot\share\interpreter\linkResolver.cpp, line 804]

VM Operations (14 events):
Event: 0.076 Executing non-safepoint VM operation: HandshakeAllThreads (Deoptimize)
Event: 0.076 Executing non-safepoint VM operation: HandshakeAllThreads (Deoptimize) done
Event: 1.333 Executing non-safepoint VM operation: HandshakeAllThreads (Deoptimize)
Event: 1.333 Executing non-safepoint VM operation: HandshakeAllThreads (Deoptimize) done
Event: 1.380 Executing non-safepoint VM operation: HandshakeAllThreads (Deoptimize)
Event: 1.380 Executing non-safepoint VM operation: HandshakeAllThreads (Deoptimize) done
Event: 1.733 Executing non-safepoint VM operation: HandshakeAllThreads (Deoptimize)
Event: 1.733 Executing non-safepoint VM operation: HandshakeAllThreads (Deoptimize) done
Event: 1.736 Executing non-safepoint VM operation: HandshakeAllThreads (Deoptimize)
Event: 1.736 Executing non-safepoint VM operation: HandshakeAllThreads (Deoptimize) done
Event: 1.774 Executing non-safepoint VM operation: HandshakeAllThreads (Deoptimize)
Event: 1.774 Executing non-safepoint VM operation: HandshakeAllThreads (Deoptimize) done
Event: 1.832 Executing non-safepoint VM operation: HandshakeAllThreads (Deoptimize)
Event: 1.832 Executing non-safepoint VM operation: HandshakeAllThreads (Deoptimize) done

Memory protections (0 events):
No events

Nmethod flushes (0 events):
No events

Events (17 events):
Event: 0.034 Thread 0x0000018b32ccd6b0 Thread added: 0x0000018b32ccd6b0
Event: 0.046 Thread 0x0000018b32ccd6b0 Thread added: 0x0000018b51849e80
Event: 0.047 Thread 0x0000018b32ccd6b0 Thread added: 0x0000018b5184a8e0
Event: 0.047 Thread 0x0000018b32ccd6b0 Thread added: 0x0000018b5184d690
Event: 0.047 Thread 0x0000018b32ccd6b0 Thread added: 0x0000018b5184e250
Event: 0.047 Thread 0x0000018b32ccd6b0 Thread added: 0x0000018b51850e20
Event: 0.047 Thread 0x0000018b32ccd6b0 Thread added: 0x0000018b51851b10
Event: 0.047 Thread 0x0000018b32ccd6b0 Thread added: 0x0000018b5185aa10
Event: 0.048 Thread 0x0000018b32ccd6b0 Thread added: 0x0000018b5187fea0
Event: 0.096 Thread 0x0000018b32ccd6b0 Thread added: 0x0000018b542bd430
Event: 0.114 Thread 0x0000018b32ccd6b0 Thread added: 0x0000018b542e73b0
Event: 0.114 Thread 0x0000018b32ccd6b0 Thread added: 0x0000018b542e1be0
Event: 1.230 Thread 0x0000018b32ccd6b0 Thread added: 0x0000018b54597670
Event: 1.231 Thread 0x0000018b32ccd6b0 Thread added: 0x0000018b543301a0
Event: 1.231 Thread 0x0000018b32ccd6b0 Thread added: 0x0000018b54333420
Event: 1.571 Thread 0x0000018b5187fea0 Thread added: 0x0000018b54a21ed0
Event: 1.750 Thread 0x0000018b54333420 Thread added: 0x0000018b54a49380


Dynamic libraries:
0x00007ff637db0000 - 0x00007ff637dbe000 	C:\Users\logan\.jdks\openjdk-25.0.1\bin\java.exe
0x00007ff8abf60000 - 0x00007ff8ac1c7000 	C:\WINDOWS\SYSTEM32\ntdll.dll
0x00007ff8ab260000 - 0x00007ff8ab329000 	C:\WINDOWS\System32\KERNEL32.DLL
0x00007ff8a9900000 - 0x00007ff8a9cef000 	C:\WINDOWS\System32\KERNELBASE.dll
0x00007ff8a9640000 - 0x00007ff8a978b000 	C:\WINDOWS\System32\ucrtbase.dll
0x00007ff8a1140000 - 0x00007ff8a115e000 	C:\Users\logan\.jdks\openjdk-25.0.1\bin\VCRUNTIME140.dll
0x00007ff892650000 - 0x00007ff892667000 	C:\Users\logan\.jdks\openjdk-25.0.1\bin\jli.dll
0x00007ff8aafc0000 - 0x00007ff8ab185000 	C:\WINDOWS\System32\USER32.dll
0x00007ff88a440000 - 0x00007ff88a6d3000 	C:\WINDOWS\WinSxS\amd64_microsoft.windows.common-controls_6595b64144ccf1df_6.0.26100.7309_none_3e05feeae336a044\COMCTL32.dll
0x00007ff8a9490000 - 0x00007ff8a94b7000 	C:\WINDOWS\System32\win32u.dll
0x00007ff8ab330000 - 0x00007ff8ab3d9000 	C:\WINDOWS\System32\msvcrt.dll
0x00007ff8a9ee0000 - 0x00007ff8a9f0b000 	C:\WINDOWS\System32\GDI32.dll
0x00007ff8a9220000 - 0x00007ff8a934c000 	C:\WINDOWS\System32\gdi32full.dll
0x00007ff8a9850000 - 0x00007ff8a98f3000 	C:\WINDOWS\System32\msvcp_win.dll
0x00007ff8aab70000 - 0x00007ff8aaba1000 	C:\WINDOWS\System32\IMM32.DLL
0x00007ff8a1130000 - 0x00007ff8a113c000 	C:\Users\logan\.jdks\openjdk-25.0.1\bin\vcruntime140_1.dll
0x00007ff87d120000 - 0x00007ff87d1ad000 	C:\Users\logan\.jdks\openjdk-25.0.1\bin\msvcp140.dll
0x00007ff84b9a0000 - 0x00007ff84c7ff000 	C:\Users\logan\.jdks\openjdk-25.0.1\bin\server\jvm.dll
0x00007ff8ab190000 - 0x00007ff8ab244000 	C:\WINDOWS\System32\ADVAPI32.dll
0x00007ff8a9e20000 - 0x00007ff8a9ec6000 	C:\WINDOWS\System32\sechost.dll
0x00007ff8a9d00000 - 0x00007ff8a9e18000 	C:\WINDOWS\System32\RPCRT4.dll
0x00007ff8aad10000 - 0x00007ff8aad84000 	C:\WINDOWS\System32\WS2_32.dll
0x00007ff89ec50000 - 0x00007ff89ec85000 	C:\WINDOWS\SYSTEM32\WINMM.dll
0x00007ff8975c0000 - 0x00007ff8975cb000 	C:\WINDOWS\SYSTEM32\VERSION.dll
0x00007ff8a8f10000 - 0x00007ff8a8f6e000 	C:\WINDOWS\SYSTEM32\POWRPROF.dll
0x00007ff8a8ef0000 - 0x00007ff8a8f04000 	C:\WINDOWS\SYSTEM32\UMPDC.dll
0x00007ff8a7d80000 - 0x00007ff8a7d9b000 	C:\WINDOWS\SYSTEM32\kernel.appcore.dll
0x00007ff8a10d0000 - 0x00007ff8a10da000 	C:\Users\logan\.jdks\openjdk-25.0.1\bin\jimage.dll
0x00007ff8a6810000 - 0x00007ff8a6a52000 	C:\WINDOWS\SYSTEM32\DBGHELP.DLL
0x00007ff8a9f80000 - 0x00007ff8aa305000 	C:\WINDOWS\System32\combase.dll
0x00007ff8aac30000 - 0x00007ff8aad06000 	C:\WINDOWS\System32\OLEAUT32.dll
0x00007ff8881d0000 - 0x00007ff88820c000 	C:\WINDOWS\SYSTEM32\dbgcore.DLL
0x00007ff8a93e0000 - 0x00007ff8a9485000 	C:\WINDOWS\System32\bcryptPrimitives.dll
0x00007ff892500000 - 0x00007ff892510000 	C:\Users\logan\.jdks\openjdk-25.0.1\bin\instrument.dll
0x00007ff8924b0000 - 0x00007ff8924cf000 	C:\Users\logan\.jdks\openjdk-25.0.1\bin\java.dll
0x00007ff8ab550000 - 0x00007ff8ab6e7000 	C:\WINDOWS\System32\ole32.dll
0x00007ff8aa3a0000 - 0x00007ff8aaaf3000 	C:\WINDOWS\System32\SHELL32.dll
0x00007ff8a90b0000 - 0x00007ff8a921a000 	C:\WINDOWS\System32\wintypes.dll
0x00007ff8a6c70000 - 0x00007ff8a74ce000 	C:\WINDOWS\SYSTEM32\windows.storage.dll
0x00007ff8abe20000 - 0x00007ff8abf15000 	C:\WINDOWS\System32\SHCORE.dll
0x00007ff8aab00000 - 0x00007ff8aab66000 	C:\WINDOWS\System32\shlwapi.dll
0x00007ff8a8fd0000 - 0x00007ff8a8ff9000 	C:\WINDOWS\SYSTEM32\profapi.dll
0x00007ff892460000 - 0x00007ff892477000 	C:\Users\logan\.jdks\openjdk-25.0.1\bin\zip.dll
0x00007ff88a800000 - 0x00007ff88a812000 	C:\Users\logan\.jdks\openjdk-25.0.1\bin\net.dll
0x00007ff8a8370000 - 0x00007ff8a83db000 	C:\WINDOWS\system32\mswsock.dll
0x00007ff88a7a0000 - 0x00007ff88a7b6000 	C:\Users\logan\.jdks\openjdk-25.0.1\bin\nio.dll
0x00007ff8924f0000 - 0x00007ff8924f9000 	C:\Users\logan\.jdks\openjdk-25.0.1\bin\extnet.dll
0x00007ff852a00000 - 0x00007ff852b83000 	C:\Users\logan\.jdks\openjdk-25.0.1\bin\awt.dll
0x00007ff8a5ba0000 - 0x00007ff8a5c3f000 	C:\WINDOWS\SYSTEM32\apphelp.dll
0x00007ff8a6250000 - 0x00007ff8a6280000 	C:\WINDOWS\system32\DWMAPI.DLL
0x00007ff8a5f50000 - 0x00007ff8a5ffb000 	C:\WINDOWS\system32\uxtheme.dll
0x00007ff866630000 - 0x00007ff866740000 	C:\WINDOWS\system32\opengl32.dll
0x00007ff866c00000 - 0x00007ff866c2d000 	C:\WINDOWS\SYSTEM32\GLU32.dll
0x00007ff8a61e0000 - 0x00007ff8a6224000 	C:\WINDOWS\SYSTEM32\dxcore.dll
0x00007ff8ab3e0000 - 0x00007ff8ab53e000 	C:\WINDOWS\System32\MSCTF.dll
0x00007ff8a8760000 - 0x00007ff8a877b000 	C:\WINDOWS\SYSTEM32\CRYPTSP.dll
0x00007ff8a7da0000 - 0x00007ff8a7dda000 	C:\WINDOWS\system32\rsaenh.dll
0x00007ff8a8420000 - 0x00007ff8a844b000 	C:\WINDOWS\SYSTEM32\USERENV.dll
0x00007ff8a8fa0000 - 0x00007ff8a8fca000 	C:\WINDOWS\SYSTEM32\bcrypt.dll
0x00007ff8a85c0000 - 0x00007ff8a85cc000 	C:\WINDOWS\SYSTEM32\CRYPTBASE.dll
0x00007ff8a78c0000 - 0x00007ff8a78f4000 	C:\WINDOWS\SYSTEM32\IPHLPAPI.DLL
0x00007ff8a9ed0000 - 0x00007ff8a9eda000 	C:\WINDOWS\System32\NSI.dll
0x00007ff85b760000 - 0x00007ff85b7e7000 	C:\Users\logan\.jdks\openjdk-25.0.1\bin\freetype.dll
0x00007ff85b670000 - 0x00007ff85b75e000 	C:\Users\logan\.jdks\openjdk-25.0.1\bin\fontmanager.dll
0x00007ff88d630000 - 0x00007ff88d778000 	C:\WINDOWS\SYSTEM32\textinputframework.dll
0x00007ff8a58b0000 - 0x00007ff8a59d7000 	C:\WINDOWS\SYSTEM32\CoreMessaging.dll
0x00007ff8a0960000 - 0x00007ff8a0c42000 	C:\WINDOWS\SYSTEM32\CoreUIComponents.dll
0x00007ff87ebb0000 - 0x00007ff87ebc2000 	C:\Users\logan\.jdks\openjdk-25.0.1\bin\jsound.dll
0x00007ff860d30000 - 0x00007ff860dc4000 	C:\WINDOWS\SYSTEM32\DSOUND.dll
0x00007ff8518f0000 - 0x00007ff8519a1000 	C:\WINDOWS\SYSTEM32\ResampleDmo.DLL
0x00007ff885500000 - 0x00007ff885536000 	C:\WINDOWS\SYSTEM32\winmmbase.dll
0x00007ff88a710000 - 0x00007ff88a71e000 	C:\WINDOWS\SYSTEM32\msdmo.dll
0x00007ff8ab880000 - 0x00007ff8ab930000 	C:\WINDOWS\System32\clbcatq.dll
0x00007ff8960a0000 - 0x00007ff896137000 	C:\WINDOWS\System32\MMDevApi.dll
0x00007ff8a8bf0000 - 0x00007ff8a8c1d000 	C:\WINDOWS\System32\DEVOBJ.dll
0x00007ff8a8c20000 - 0x00007ff8a8c77000 	C:\WINDOWS\SYSTEM32\cfgmgr32.dll
0x00007ff85b240000 - 0x00007ff85b287000 	C:\WINDOWS\SYSTEM32\wdmaud.drv
0x00007ff893a30000 - 0x00007ff893be4000 	C:\WINDOWS\SYSTEM32\AUDIOSES.DLL
0x00007ff873950000 - 0x00007ff87395f000 	C:\WINDOWS\SYSTEM32\msacm32.drv
0x00007ff860de0000 - 0x00007ff860e01000 	C:\WINDOWS\SYSTEM32\MSACM32.dll
0x00007ff895cc0000 - 0x00007ff895ccc000 	C:\WINDOWS\SYSTEM32\midimap.dll
0x00007ff8a6590000 - 0x00007ff8a65a4000 	C:\WINDOWS\SYSTEM32\resourcepolicyclient.dll

JVMTI agents:
C:\Users\logan\AppData\Local\Programs\IntelliJ IDEA 2025.2.5\lib\idea_rt.jar path:C:\Users\logan\.jdks\openjdk-25.0.1\bin\instrument.dll, loaded, initialized, instrumentlib options:50956

dbghelp: loaded successfully - version: 4.0.5 - missing functions: none
symbol engine: initialized successfully - sym options: 0x614 - pdb path: .;C:\Users\logan\.jdks\openjdk-25.0.1\bin;C:\WINDOWS\SYSTEM32;C:\WINDOWS\WinSxS\amd64_microsoft.windows.common-controls_6595b64144ccf1df_6.0.26100.7309_none_3e05feeae336a044;C:\Users\logan\.jdks\openjdk-25.0.1\bin\server

VM Arguments:
jvm_args: -javaagent:C:\Users\logan\AppData\Local\Programs\IntelliJ IDEA 2025.2.5\lib\idea_rt.jar=50956 -Dfile.encoding=UTF-8 -Dsun.stdout.encoding=UTF-8 -Dsun.stderr.encoding=UTF-8 
java_command: main.Main
java_class_path (initial): C:\Users\logan\IdeaProjects\DD2D\out\production\DD2D
Launcher Type: SUN_STANDARD

[Global flags]
     intx CICompilerCount                          = 4                                         {product} {ergonomic}
     uint ConcGCThreads                            = 2                                         {product} {ergonomic}
     uint G1ConcRefinementThreads                  = 8                                         {product} {ergonomic}
   size_t G1HeapRegionSize                         = 2097152                                   {product} {ergonomic}
   size_t InitialHeapSize                          = 262144000                                 {product} {ergonomic}
   size_t MarkStackSize                            = 4194304                                   {product} {ergonomic}
   size_t MarkStackSizeMax                         = 536870912                                 {product} {ergonomic}
   size_t MaxHeapSize                              = 4181721088                                {product} {ergonomic}
   size_t MaxNewSize                               = 2508193792                                {product} {ergonomic}
   size_t MinHeapDeltaBytes                        = 2097152                                   {product} {ergonomic}
   size_t MinHeapSize                              = 8388608                                   {product} {ergonomic}
    uintx NonNMethodCodeHeapSize                   = 5832704                                {pd product} {ergonomic}
    uintx NonProfiledCodeHeapSize                  = 122945536                              {pd product} {ergonomic}
    uintx ProfiledCodeHeapSize                     = 122880000                              {pd product} {ergonomic}
    uintx ReservedCodeCacheSize                    = 251658240                              {pd product} {ergonomic}
     bool SegmentedCodeCache                       = true                                      {product} {ergonomic}
   size_t SoftMaxHeapSize                          = 4181721088                             {manageable} {ergonomic}
     bool UseCompressedOops                        = true                           {product lp64_product} {ergonomic}
     bool UseG1GC                                  = true                                      {product} {ergonomic}
     bool UseLargePagesIndividualAllocation        = false                                  {pd product} {ergonomic}

Logging:
Log output configuration:
 #0: stdout all=warning uptime,level,tags foldmultilines=false
 #1: stderr all=off uptime,level,tags foldmultilines=false

Release file:
IMPLEMENTOR="Oracle Corporation" 
JAVA_RUNTIME_VERSION="25.0.1+8-27" 
JAVA_VERSION="25.0.1" 
JAVA_VERSION_DATE="2025-10-21" 
LIBC="default" 
MODULES="java.base java.compiler java.datatransfer java.xml java.prefs java.desktop java.instrument java.logging java.management java.security.sasl java.naming java.rmi java.management.rmi java.net.http java.scripting java.security.jgss java.transaction.xa java.sql java.sql.rowset java.xml.crypto java.se java.smartcardio jdk.accessibility jdk.internal.jvmstat jdk.attach jdk.charsets jdk.internal.opt jdk.zipfs jdk.compiler jdk.crypto.cryptoki jdk.crypto.ec jdk.crypto.mscapi jdk.dynalink jdk.internal.ed jdk.editpad jdk.internal.vm.ci jdk.graal.compiler jdk.graal.compiler.management jdk.hotspot.agent jdk.httpserver jdk.incubator.vector jdk.internal.le jdk.internal.md jdk.jartool jdk.javadoc jdk.jcmd jdk.management jdk.management.agent jdk.jconsole jdk.jdeps jdk.jdwp.agent jdk.jdi jdk.jfr jdk.jlink jdk.jpackage jdk.jshell jdk.jsobject jdk.jstatd jdk.localedata jdk.management.jfr jdk.naming.dns jdk.naming.rmi jdk.net jdk.nio.mapmode jdk.sctp jdk.security.auth jdk.security.jgss jdk.unsupported jdk.unsupported.desktop jdk.xml.dom" 
OS_ARCH="x86_64" 
OS_NAME="Windows" 
SOURCE=".:git:78770bfaefd2" 

Environment Variables:
PATH=C:\Users\logan\AppData\Local\Programs\Python\Python313\Scripts\;C:\Users\logan\AppData\Local\Programs\Python\Python313\;C:\WINDOWS\system32;C:\WINDOWS;C:\WINDOWS\System32\Wbem;C:\WINDOWS\System32\WindowsPowerShell\v1.0\;C:\WINDOWS\System32\OpenSSH\;C:\Program Files\dotnet\;C:\ProgramData\chocolatey\bin;C:\Program Files\Git\cmd;C:\Program Files\GitHub CLI\;E:\librerie py\ffmpeg;E:\librerie py\ffmpeg-7.1.1-essentials_build\bin;E:\librerie py\ffmpeg-2025-07-07-git-d2828ab284-full_build\bin;C:\Users\logan\AppData\Local\Programs\oh-my-posh\bin\;C:\Users\logan\AppData\Local\Microsoft\WindowsApps;C:\Users\logan\.dotnet\tools;C:\Users\logan\AppData\Local\GitHubDesktop\bin;C:\Users\logan\AppData\Roaming\npm;C:\Users\logan\AppData\Local\Programs\IntelliJ IDEA 2025.2.5\bin;E:\librerie py\ffmpeg;E:\librerie py\ffmpeg-7.1.1-essentials_build\bin;E:\librerie py\ffmpeg-2025-07-07-git-d2828ab284-full_build\bin;C:\Users\logan\AppData\Local\PowerToys\
USERNAME=logan
OS=Windows_NT
PROCESSOR_IDENTIFIER=Intel64 Family 6 Model 140 Stepping 1, GenuineIntel
TMP=C:\Users\logan\AppData\Local\Temp
TEMP=C:\Users\logan\AppData\Local\Temp




Compilation memory statistics disabled.

Periodic native trim disabled

---------------  S Y S T E M  ---------------

OS:
 Windows 11 , 64 bit Build 26100 (10.0.26100.7309)
OS uptime: 24 days 1:18 hours
Hyper-V role detected

CPU: total 8 (initial active 8) (4 cores per cpu, 2 threads per core) family 6 model 140 stepping 1 microcode 0xbc, cx8, cmov, fxsr, ht, mmx, 3dnowpref, sse, sse2, sse3, ssse3, sse4.1, sse4.2, popcnt, lzcnt, tsc, tscinvbit, avx, avx2, aes, erms, clmul, bmi1, bmi2, adx, avx512f, avx512dq, avx512cd, avx512bw, avx512vl, sha, fma, vzeroupper, avx512_vpopcntdq, avx512_vpclmulqdq, avx512_vaes, avx512_vnni, clflush, clflushopt, clwb, avx512_vbmi2, avx512_vbmi, hv, rdtscp, rdpid, fsrm, gfni, avx512_bitalg, f16c, cet_ibt, cet_ss, avx512_ifma
Processor Information for the first 8 processors :
  Max Mhz: 1498, Current Mhz: 1498, Mhz Limit: 1498

Memory: 4k page, system-wide physical 15944M (2651M free)
TotalPageFile size 46088M (AvailPageFile size 364M)
current process WorkingSet (physical memory assigned to process): 125M, peak: 134M
current process commit charge ("private bytes"): 362M, peak: 373M

vm_info: OpenJDK 64-Bit Server VM (25.0.1+8-27) for windows-amd64 JRE (25.0.1+8-27), built on 2025-09-25T16:41:16Z with unknown MS VC++:1943

END.
